<?xml version="1.0" encoding="UTF-8"?>
<!-- Generated by org.testng.reporters.JUnitXMLReporter -->
<testsuite hostname="C02MH85HFH00.local" ignored="0" name="Test(failed)" tests="1" failures="1" timestamp="15 Jun 2018 04:33:32 GMT" time="14.003" errors="0">
  <testcase name="verifySearchButton" time="6.089" classname="maven.learning.LoadTest01">
    <failure type="java.lang.AssertionError" message="Text not found! expected [Google Search] but found [Tìm với Google]">
      <![CDATA[java.lang.AssertionError: Text not found! expected [Google Search] but found [Tìm với Google]
at maven.learning.LoadTest01.verifySearchButton(LoadTest01.java:41)
... Removed 30 stack frames]]>
    </failure>
  </testcase> <!-- verifySearchButton -->
</testsuite> <!-- Test(failed) -->
